Determining if the pthread_create exist failed with the following output:
Change Dir: /home/mso797/Desktop/TII/INTERVIEW_ASSIGNMENT/tii_interview_docker/swaleh_ws/build/run_drone/CMakeFiles/CMakeTmp

Run Build Command:"/usr/bin/make" "cmTC_721fe/fast"
/usr/bin/make -f CMakeFiles/cmTC_721fe.dir/build.make CMakeFiles/cmTC_721fe.dir/build
make[1]: Entering directory '/home/mso797/Desktop/TII/INTERVIEW_ASSIGNMENT/tii_interview_docker/swaleh_ws/build/run_drone/CMakeFiles/CMakeTmp'
Building C object CMakeFiles/cmTC_721fe.dir/CheckSymbolExists.c.o
/usr/bin/cc    -o CMakeFiles/cmTC_721fe.dir/CheckSymbolExists.c.o   -c /home/mso797/Desktop/TII/INTERVIEW_ASSIGNMENT/tii_interview_docker/swaleh_ws/build/run_drone/CMakeFiles/CMakeTmp/CheckSymbolExists.c
Linking C executable cmTC_721fe
/usr/bin/cmake -E cmake_link_script CMakeFiles/cmTC_721fe.dir/link.txt --verbose=1
/usr/bin/cc      -rdynamic CMakeFiles/cmTC_721fe.dir/CheckSymbolExists.c.o  -o cmTC_721fe 
CMakeFiles/cmTC_721fe.dir/CheckSymbolExists.c.o: In function `main':
CheckSymbolExists.c:(.text+0x1b): undefined reference to `pthread_create'
collect2: error: ld returned 1 exit status
CMakeFiles/cmTC_721fe.dir/build.make:97: recipe for target 'cmTC_721fe' failed
make[1]: *** [cmTC_721fe] Error 1
make[1]: Leaving directory '/home/mso797/Desktop/TII/INTERVIEW_ASSIGNMENT/tii_interview_docker/swaleh_ws/build/run_drone/CMakeFiles/CMakeTmp'
Makefile:126: recipe for target 'cmTC_721fe/fast' failed
make: *** [cmTC_721fe/fast] Error 2

File /home/mso797/Desktop/TII/INTERVIEW_ASSIGNMENT/tii_interview_docker/swaleh_ws/build/run_drone/CMakeFiles/CMakeTmp/CheckSymbolExists.c:
/* */
#include <pthread.h>

int main(int argc, char** argv)
{
  (void)argv;
#ifndef pthread_create
  return ((int*)(&pthread_create))[argc];
#else
  (void)argc;
  return 0;
#endif
}

Determining if the function pthread_create exists in the pthreads failed with the following output:
Change Dir: /home/mso797/Desktop/TII/INTERVIEW_ASSIGNMENT/tii_interview_docker/swaleh_ws/build/run_drone/CMakeFiles/CMakeTmp

Run Build Command:"/usr/bin/make" "cmTC_937c9/fast"
/usr/bin/make -f CMakeFiles/cmTC_937c9.dir/build.make CMakeFiles/cmTC_937c9.dir/build
make[1]: Entering directory '/home/mso797/Desktop/TII/INTERVIEW_ASSIGNMENT/tii_interview_docker/swaleh_ws/build/run_drone/CMakeFiles/CMakeTmp'
Building C object CMakeFiles/cmTC_937c9.dir/CheckFunctionExists.c.o
/usr/bin/cc   -DCHECK_FUNCTION_EXISTS=pthread_create   -o CMakeFiles/cmTC_937c9.dir/CheckFunctionExists.c.o   -c /usr/share/cmake-3.10/Modules/CheckFunctionExists.c
Linking C executable cmTC_937c9
/usr/bin/cmake -E cmake_link_script CMakeFiles/cmTC_937c9.dir/link.txt --verbose=1
/usr/bin/cc  -DCHECK_FUNCTION_EXISTS=pthread_create    -rdynamic CMakeFiles/cmTC_937c9.dir/CheckFunctionExists.c.o  -o cmTC_937c9 -lpthreads 
/usr/bin/ld: cannot find -lpthreads
collect2: error: ld returned 1 exit status
CMakeFiles/cmTC_937c9.dir/build.make:97: recipe for target 'cmTC_937c9' failed
make[1]: *** [cmTC_937c9] Error 1
make[1]: Leaving directory '/home/mso797/Desktop/TII/INTERVIEW_ASSIGNMENT/tii_interview_docker/swaleh_ws/build/run_drone/CMakeFiles/CMakeTmp'
Makefile:126: recipe for target 'cmTC_937c9/fast' failed
make: *** [cmTC_937c9/fast] Error 2


