Determining if the pthread_create exist failed with the following output:
Change Dir: /home/mso797/Desktop/TII/INTERVIEW_ASSIGNMENT/tii_interview_docker/swaleh_ws/build/offboard_py/CMakeFiles/CMakeTmp

Run Build Command:"/usr/bin/make" "cmTC_c9171/fast"
/usr/bin/make -f CMakeFiles/cmTC_c9171.dir/build.make CMakeFiles/cmTC_c9171.dir/build
make[1]: Entering directory '/home/mso797/Desktop/TII/INTERVIEW_ASSIGNMENT/tii_interview_docker/swaleh_ws/build/offboard_py/CMakeFiles/CMakeTmp'
Building C object CMakeFiles/cmTC_c9171.dir/CheckSymbolExists.c.o
/usr/bin/cc    -o CMakeFiles/cmTC_c9171.dir/CheckSymbolExists.c.o   -c /home/mso797/Desktop/TII/INTERVIEW_ASSIGNMENT/tii_interview_docker/swaleh_ws/build/offboard_py/CMakeFiles/CMakeTmp/CheckSymbolExists.c
Linking C executable cmTC_c9171
/usr/bin/cmake -E cmake_link_script CMakeFiles/cmTC_c9171.dir/link.txt --verbose=1
/usr/bin/cc      -rdynamic CMakeFiles/cmTC_c9171.dir/CheckSymbolExists.c.o  -o cmTC_c9171 
CMakeFiles/cmTC_c9171.dir/CheckSymbolExists.c.o: In function `main':
CheckSymbolExists.c:(.text+0x1b): undefined reference to `pthread_create'
collect2: error: ld returned 1 exit status
CMakeFiles/cmTC_c9171.dir/build.make:97: recipe for target 'cmTC_c9171' failed
make[1]: *** [cmTC_c9171] Error 1
make[1]: Leaving directory '/home/mso797/Desktop/TII/INTERVIEW_ASSIGNMENT/tii_interview_docker/swaleh_ws/build/offboard_py/CMakeFiles/CMakeTmp'
Makefile:126: recipe for target 'cmTC_c9171/fast' failed
make: *** [cmTC_c9171/fast] Error 2

File /home/mso797/Desktop/TII/INTERVIEW_ASSIGNMENT/tii_interview_docker/swaleh_ws/build/offboard_py/CMakeFiles/CMakeTmp/CheckSymbolExists.c:
/* */
#include <pthread.h>

int main(int argc, char** argv)
{
  (void)argv;
#ifndef pthread_create
  return ((int*)(&pthread_create))[argc];
#else
  (void)argc;
  return 0;
#endif
}

Determining if the function pthread_create exists in the pthreads failed with the following output:
Change Dir: /home/mso797/Desktop/TII/INTERVIEW_ASSIGNMENT/tii_interview_docker/swaleh_ws/build/offboard_py/CMakeFiles/CMakeTmp

Run Build Command:"/usr/bin/make" "cmTC_d152f/fast"
/usr/bin/make -f CMakeFiles/cmTC_d152f.dir/build.make CMakeFiles/cmTC_d152f.dir/build
make[1]: Entering directory '/home/mso797/Desktop/TII/INTERVIEW_ASSIGNMENT/tii_interview_docker/swaleh_ws/build/offboard_py/CMakeFiles/CMakeTmp'
Building C object CMakeFiles/cmTC_d152f.dir/CheckFunctionExists.c.o
/usr/bin/cc   -DCHECK_FUNCTION_EXISTS=pthread_create   -o CMakeFiles/cmTC_d152f.dir/CheckFunctionExists.c.o   -c /usr/share/cmake-3.10/Modules/CheckFunctionExists.c
Linking C executable cmTC_d152f
/usr/bin/cmake -E cmake_link_script CMakeFiles/cmTC_d152f.dir/link.txt --verbose=1
/usr/bin/cc  -DCHECK_FUNCTION_EXISTS=pthread_create    -rdynamic CMakeFiles/cmTC_d152f.dir/CheckFunctionExists.c.o  -o cmTC_d152f -lpthreads 
/usr/bin/ld: cannot find -lpthreads
collect2: error: ld returned 1 exit status
CMakeFiles/cmTC_d152f.dir/build.make:97: recipe for target 'cmTC_d152f' failed
make[1]: *** [cmTC_d152f] Error 1
make[1]: Leaving directory '/home/mso797/Desktop/TII/INTERVIEW_ASSIGNMENT/tii_interview_docker/swaleh_ws/build/offboard_py/CMakeFiles/CMakeTmp'
Makefile:126: recipe for target 'cmTC_d152f/fast' failed
make: *** [cmTC_d152f/fast] Error 2


